<?xml version="1.0" encoding="UTF-8"?>
<!-- Generated by org.testng.reporters.JUnitReportReporter -->
<testsuite hostname="Sameer-PC" name="com.BIL.SGST.Equipment" tests="1" failures="0" timestamp="18 Feb 2015 09:59:11 GMT" time="11.780" errors="0">
  <testcase name="Equipmen" time="11.780" classname="com.BIL.SGST.Equipment"/>
</testsuite> <!-- com.BIL.SGST.Equipment -->
