<?xml version="1.0" encoding="UTF-8"?>
<!-- Generated by org.testng.reporters.JUnitReportReporter -->
<testsuite hostname="Sameer-PC" name="com.BIL.SGST.login" tests="1" failures="0" timestamp="6 Feb 2015 07:18:37 GMT" time="2.679" errors="0">
  <testcase name="login_page" time="2.679" classname="com.BIL.SGST.login"/>
</testsuite> <!-- com.BIL.SGST.login -->
