<?xml version="1.0" encoding="UTF-8"?>
<!-- Generated by org.testng.reporters.JUnitReportReporter -->
<testsuite hostname="Sameer-PC" name="goog" tests="1" failures="0" timestamp="3 Feb 2015 06:08:01 GMT" time="10.438" errors="0">
  <testcase name="main" time="10.438" classname="goog"/>
</testsuite> <!-- goog -->
