<?xml version="1.0" encoding="UTF-8"?>
<!-- Generated by org.testng.reporters.JUnitReportReporter -->
<testsuite hostname="Sameer-PC" name="com.BIL.SGST.Plant" tests="1" failures="0" timestamp="16 Feb 2015 10:43:54 GMT" time="2.481" errors="0">
  <testcase name="create_Plant" time="2.481" classname="com.BIL.SGST.Plant"/>
</testsuite> <!-- com.BIL.SGST.Plant -->
