<?xml version="1.0" encoding="UTF-8"?>
<!-- Generated by org.testng.reporters.JUnitReportReporter -->
<testsuite hostname="Sameer-PC" name="com.BIL.SGST.Equipment_Type" tests="1" failures="0" timestamp="13 Feb 2015 06:36:31 GMT" time="5.395" errors="0">
  <testcase name="EquipmentType" time="5.395" classname="com.BIL.SGST.Equipment_Type"/>
</testsuite> <!-- com.BIL.SGST.Equipment_Type -->
