<?xml version="1.0" encoding="UTF-8"?>
<!-- Generated by org.testng.reporters.JUnitReportReporter -->
<testsuite hostname="Harinath-PC" name="EMS_Portal.Create_New_Consultant" tests="1" failures="0" timestamp="27 May 2015 05:35:36 GMT" time="8.289" errors="0">
  <testcase name="testDataProviderExample" time="8.289" classname="EMS_Portal.Create_New_Consultant"/>
</testsuite> <!-- EMS_Portal.Create_New_Consultant -->
