<?xml version="1.0" encoding="UTF-8"?>
<!-- Generated by org.testng.reporters.JUnitReportReporter -->
<testsuite hostname="Harinath-PC" name="Test.test" tests="2" failures="0" timestamp="8 Jun 2015 11:41:23 GMT" time="17.354" errors="0">
  <testcase name="testDataProviderExample" time="9.383" classname="Test.test"/>
  <testcase name="testDataProviderExample" time="7.971" classname="Test.test"/>
</testsuite> <!-- Test.test -->
