<?xml version="1.0" encoding="UTF-8"?>
<!-- Generated by org.testng.reporters.JUnitReportReporter -->
<testsuite hostname="Sameer-PC" name="com.BIL.SGST.Sub_Process_Type" tests="1" failures="0" timestamp="18 Feb 2015 09:41:25 GMT" time="3.070" errors="0">
  <testcase name="Sub_ProcessType" time="3.070" classname="com.BIL.SGST.Sub_Process_Type"/>
</testsuite> <!-- com.BIL.SGST.Sub_Process_Type -->
