<?xml version="1.0" encoding="UTF-8"?>
<!-- Generated by org.testng.reporters.JUnitReportReporter -->
<testsuite hostname="Sameer-PC" name="com.BIL.SGST.Customer_Part_Management" tests="1" failures="0" timestamp="16 Feb 2015 09:11:07 GMT" time="6.084" errors="0">
  <testcase name="create_Part_Management" time="6.084" classname="com.BIL.SGST.Customer_Part_Management"/>
</testsuite> <!-- com.BIL.SGST.Customer_Part_Management -->
