<?xml version="1.0" encoding="UTF-8"?>
<!-- Generated by org.testng.reporters.JUnitReportReporter -->
<testsuite hostname="Sameer-PC" name="Test.sgst" tests="1" failures="0" timestamp="12 Feb 2015 11:19:22 GMT" time="17.442" errors="0">
  <testcase name="Equipmen" time="17.442" classname="Test.sgst"/>
</testsuite> <!-- Test.sgst -->
