<?xml version="1.0" encoding="UTF-8"?>
<!-- Generated by org.testng.reporters.JUnitReportReporter -->
<testsuite hostname="Harinath-PC" name="EMS_Portal.Create_New_Consultant" tests="1" failures="0" timestamp="26 May 2015 10:12:18 GMT" time="6.430" errors="0">
  <testcase name="testDataProviderExample" time="6.430" classname="EMS_Portal.Create_New_Consultant"/>
</testsuite> <!-- EMS_Portal.Create_New_Consultant -->
