<?xml version="1.0" encoding="UTF-8"?>
<!-- Generated by org.testng.reporters.JUnitReportReporter -->
<testsuite hostname="Sameer-PC" name="com.BIL.SGST.Customer" tests="1" failures="0" timestamp="13 Feb 2015 06:45:08 GMT" time="6.885" errors="0">
  <testcase name="create_Customer" time="6.885" classname="com.BIL.SGST.Customer"/>
</testsuite> <!-- com.BIL.SGST.Customer -->
