<?xml version="1.0" encoding="UTF-8"?>
<!-- Generated by org.testng.reporters.JUnitReportReporter -->
<testsuite hostname="Sameer-PC" name="Test.google" tests="1" failures="0" timestamp="6 Feb 2015 07:18:37 GMT" time="5.903" errors="0">
  <testcase name="main" time="5.903" classname="Test.google"/>
</testsuite> <!-- Test.google -->
